18:45:40 INFO  : Registering command handlers for SDK TCF services
18:45:41 INFO  : Launching XSCT server: xsct.bat -interactive D:\PyramidTech\5-Design_Document\LwIP\TFTP\ZyboZ7-20_TFTPserver\ZyboZ7-20_TFTPserver.sdk\temp_xsdb_launch_script.tcl
18:45:44 INFO  : XSCT server has started successfully.
18:45:45 INFO  : Processing command line option -hwspec D:/PyramidTech/5-Design_Document/LwIP/TFTP/ZyboZ7-20_TFTPserver/ZyboZ7-20_TFTPserver.sdk/tftp_bd_wrapper.hdf.
18:45:45 INFO  : Successfully done setting XSCT server connection channel  
18:45:45 INFO  : Successfully done setting SDK workspace  
20:26:11 INFO  : Registering command handlers for SDK TCF services
20:26:12 INFO  : Launching XSCT server: xsct.bat -interactive D:\PyramidTech\5-Design_Document\LwIP\TFTP\ZyboZ7-20_TFTPserver\ZyboZ7-20_TFTPserver.sdk\temp_xsdb_launch_script.tcl
20:26:16 INFO  : XSCT server has started successfully.
20:26:19 INFO  : Processing command line option -hwspec D:/PyramidTech/5-Design_Document/LwIP/TFTP/ZyboZ7-20_TFTPserver/ZyboZ7-20_TFTPserver.sdk/tftp_bd_wrapper.hdf.
20:26:19 INFO  : Successfully done setting XSCT server connection channel  
20:26:19 INFO  : Successfully done setting SDK workspace  
20:26:19 INFO  : Checking for hwspec changes in the project tftp_bd_wrapper_hw_platform_0.
20:26:47 INFO  : 'targets -set -filter {jtag_cable_name =~ "Digilent Zybo Z7 210351A78215A" && level==0} -index 1' command is executed.
20:26:47 INFO  : 'fpga -state' command is executed.
20:26:51 INFO  : Memory regions updated for context APU
20:26:56 INFO  : Connected to target on host '127.0.0.1' and port '3121'.
20:26:56 INFO  : 'targets -set -filter {jtag_cable_name =~ "Digilent Zybo Z7 210351A78215A" && level==0} -index 1' command is executed.
20:26:58 INFO  : FPGA configured successfully with bitstream "D:/PyramidTech/5-Design_Document/LwIP/TFTP/ZyboZ7-20_TFTPserver/ZyboZ7-20_TFTPserver.sdk/tftp_bd_wrapper_hw_platform_0/tftp_bd_wrapper.bit"
20:27:04 INFO  : 'targets -set -filter {jtag_cable_name =~ "Digilent Zybo Z7 210351A78215A" && level==0} -index 1' command is executed.
20:27:04 INFO  : 'fpga -state' command is executed.
20:27:05 INFO  : Connected to target on host '127.0.0.1' and port '3121'.
20:27:05 INFO  : Jtag cable 'Digilent Zybo Z7 210351A78215A' is selected.
20:27:05 INFO  : 'jtag frequency' command is executed.
20:27:05 INFO  : Sourcing of 'D:/PyramidTech/5-Design_Document/LwIP/TFTP/ZyboZ7-20_TFTPserver/ZyboZ7-20_TFTPserver.sdk/tftp_bd_wrapper_hw_platform_0/ps7_init.tcl' is done.
20:27:05 INFO  : Context for 'APU' is selected.
20:27:05 INFO  : Hardware design information is loaded from 'D:/PyramidTech/5-Design_Document/LwIP/TFTP/ZyboZ7-20_TFTPserver/ZyboZ7-20_TFTPserver.sdk/tftp_bd_wrapper_hw_platform_0/system.hdf'.
20:27:05 INFO  : 'configparams force-mem-access 1' command is executed.
20:27:05 INFO  : Context for 'APU' is selected.
20:27:05 INFO  : 'stop' command is executed.
20:27:06 INFO  : 'ps7_init' command is executed.
20:27:06 INFO  : 'ps7_post_config' command is executed.
20:27:06 INFO  : Context for processor 'ps7_cortexa9_0' is selected.
20:27:06 INFO  : Processor reset is completed for 'ps7_cortexa9_0'.
20:27:06 INFO  : Context for processor 'ps7_cortexa9_0' is selected.
20:27:06 INFO  : The application 'D:/PyramidTech/5-Design_Document/LwIP/TFTP/ZyboZ7-20_TFTPserver/ZyboZ7-20_TFTPserver.sdk/tftp_server/Debug/tftp_server.elf' is downloaded to processor 'ps7_cortexa9_0'.
20:27:06 INFO  : 'configparams force-mem-access 0' command is executed.
20:27:06 INFO  : ----------------XSDB Script----------------
connect -url tcp:127.0.0.1:3121
source D:/PyramidTech/5-Design_Document/LwIP/TFTP/ZyboZ7-20_TFTPserver/ZyboZ7-20_TFTPserver.sdk/tftp_bd_wrapper_hw_platform_0/ps7_init.tcl
targets -set -nocase -filter {name =~"APU*" && jtag_cable_name =~ "Digilent Zybo Z7 210351A78215A"} -index 0
loadhw -hw D:/PyramidTech/5-Design_Document/LwIP/TFTP/ZyboZ7-20_TFTPserver/ZyboZ7-20_TFTPserver.sdk/tftp_bd_wrapper_hw_platform_0/system.hdf -mem-ranges [list {0x40000000 0xbfffffff}]
configparams force-mem-access 1
targets -set -nocase -filter {name =~"APU*" && jtag_cable_name =~ "Digilent Zybo Z7 210351A78215A"} -index 0
stop
ps7_init
ps7_post_config
targets -set -nocase -filter {name =~ "ARM*#0" && jtag_cable_name =~ "Digilent Zybo Z7 210351A78215A"} -index 0
rst -processor
targets -set -nocase -filter {name =~ "ARM*#0" && jtag_cable_name =~ "Digilent Zybo Z7 210351A78215A"} -index 0
dow D:/PyramidTech/5-Design_Document/LwIP/TFTP/ZyboZ7-20_TFTPserver/ZyboZ7-20_TFTPserver.sdk/tftp_server/Debug/tftp_server.elf
configparams force-mem-access 0
----------------End of Script----------------

20:27:07 INFO  : Memory regions updated for context APU
20:27:07 INFO  : Context for processor 'ps7_cortexa9_0' is selected.
20:27:07 INFO  : 'con' command is executed.
20:27:07 INFO  : ----------------XSDB Script (After Launch)----------------
targets -set -nocase -filter {name =~ "ARM*#0" && jtag_cable_name =~ "Digilent Zybo Z7 210351A78215A"} -index 0
con
----------------End of Script----------------

20:27:07 INFO  : Launch script is exported to file 'D:\PyramidTech\5-Design_Document\LwIP\TFTP\ZyboZ7-20_TFTPserver\ZyboZ7-20_TFTPserver.sdk\.sdk\launch_scripts\xilinx_c-c++_application_(system_debugger)\system_debugger_using_debug_tftp_server.elf_on_local.tcl'
21:09:29 INFO  : Disconnected from the channel tcfchan#1.
23:54:53 INFO  : Registering command handlers for SDK TCF services
23:54:53 INFO  : Launching XSCT server: xsct.bat -interactive D:\PyramidTech\5-Design_Document\LwIP\TFTP\ZyboZ7-20_TFTPserver\ZyboZ7-20_TFTPserver.sdk\temp_xsdb_launch_script.tcl
23:54:56 INFO  : XSCT server has started successfully.
23:54:56 INFO  : Successfully done setting XSCT server connection channel  
23:54:57 INFO  : Successfully done setting SDK workspace  
23:54:57 INFO  : Processing command line option -hwspec D:/PyramidTech/5-Design_Document/LwIP/TFTP/ZyboZ7-20_TFTPserver/ZyboZ7-20_TFTPserver.sdk/tftp_bd_wrapper.hdf.
23:54:57 INFO  : Checking for hwspec changes in the project tftp_bd_wrapper_hw_platform_0.
