Copyright 1986-2017 Xilinx, Inc. All Rights Reserved.
------------------------------------------------------------------------------------------------------------------------------------
| Tool Version : Vivado v.2017.4 (win64) Build 2086221 Fri Dec 15 20:55:39 MST 2017
| Date         : Sun Mar 21 18:29:50 2021
| Host         : DESKTOP-42HO4MR running 64-bit major release  (build 9200)
| Command      : report_drc -file tftp_bd_wrapper_drc_opted.rpt -pb tftp_bd_wrapper_drc_opted.pb -rpx tftp_bd_wrapper_drc_opted.rpx
| Design       : tftp_bd_wrapper
| Device       : xc7z020clg400-1
| Speed File   : -1
| Design State : Fully Placed
------------------------------------------------------------------------------------------------------------------------------------

Report DRC

Table of Contents
-----------------
1. REPORT SUMMARY
2. REPORT DETAILS

1. REPORT SUMMARY
-----------------
            Netlist: netlist
          Floorplan: design_1
      Design limits: <entire design considered>
           Ruledeck: default
             Max violations: <unlimited>
             Violations found: 0
+------+----------+-------------+------------+
| Rule | Severity | Description | Violations |
+------+----------+-------------+------------+
+------+----------+-------------+------------+

2. REPORT DETAILS
-----------------

