08:07:56 INFO  : Registering command handlers for SDK TCF services
08:08:02 INFO  : Launching XSCT server: xsct -n -interactive /home/ayman/Vivado_Projects/D2DDR/D2DDR.sdk/temp_xsdb_launch_script.tcl
08:08:05 INFO  : XSCT server has started successfully.
08:08:07 INFO  : Successfully done setting XSCT server connection channel  
08:08:07 INFO  : Successfully done setting SDK workspace  
08:08:07 INFO  : Processing command line option -hwspec /home/ayman/Vivado_Projects/D2DDR/D2DDR.sdk/design_1_wrapper.hdf.
08:10:10 INFO  : Connected to target on host '127.0.0.1' and port '3121'.
08:10:10 INFO  : 'targets -set -filter {jtag_cable_name =~ "Digilent Zybo 210279A42E55A" && level==0} -index 1' command is executed.
08:10:11 INFO  : FPGA configured successfully with bitstream "/home/ayman/Vivado_Projects/D2DDR/D2DDR.sdk/design_1_wrapper_hw_platform_0/design_1_wrapper.bit"
08:10:26 INFO  : 'targets -set -filter {jtag_cable_name =~ "Digilent Zybo 210279A42E55A" && level==0} -index 1' command is executed.
08:10:26 INFO  : 'fpga -state' command is executed.
08:10:26 INFO  : Connected to target on host '127.0.0.1' and port '3121'.
08:10:27 INFO  : Jtag cable 'Digilent Zybo 210279A42E55A' is selected.
08:10:27 INFO  : 'jtag frequency' command is executed.
08:10:27 INFO  : Sourcing of '/home/ayman/Vivado_Projects/D2DDR/D2DDR.sdk/design_1_wrapper_hw_platform_0/ps7_init.tcl' is done.
08:10:27 INFO  : Context for 'APU' is selected.
08:10:27 INFO  : Hardware design information is loaded from '/home/ayman/Vivado_Projects/D2DDR/D2DDR.sdk/design_1_wrapper_hw_platform_0/system.hdf'.
08:10:27 INFO  : 'configparams force-mem-access 1' command is executed.
08:10:27 INFO  : Context for 'APU' is selected.
08:10:27 INFO  : 'stop' command is executed.
08:10:27 INFO  : 'ps7_init' command is executed.
08:10:27 INFO  : 'ps7_post_config' command is executed.
08:10:27 INFO  : Context for processor 'ps7_cortexa9_0' is selected.
08:10:27 INFO  : Processor reset is completed for 'ps7_cortexa9_0'.
08:10:27 INFO  : Context for processor 'ps7_cortexa9_0' is selected.
08:10:27 INFO  : The application '/home/ayman/Vivado_Projects/D2DDR/D2DDR.sdk/DMA_Transfer/Debug/DMA_Transfer.elf' is downloaded to processor 'ps7_cortexa9_0'.
08:10:27 INFO  : 'configparams force-mem-access 0' command is executed.
08:10:27 INFO  : ----------------XSDB Script----------------
connect -url tcp:127.0.0.1:3121
source /home/ayman/Vivado_Projects/D2DDR/D2DDR.sdk/design_1_wrapper_hw_platform_0/ps7_init.tcl
targets -set -nocase -filter {name =~"APU*" && jtag_cable_name =~ "Digilent Zybo 210279A42E55A"} -index 0
loadhw -hw /home/ayman/Vivado_Projects/D2DDR/D2DDR.sdk/design_1_wrapper_hw_platform_0/system.hdf -mem-ranges [list {0x40000000 0xbfffffff}]
configparams force-mem-access 1
targets -set -nocase -filter {name =~"APU*" && jtag_cable_name =~ "Digilent Zybo 210279A42E55A"} -index 0
stop
ps7_init
ps7_post_config
targets -set -nocase -filter {name =~ "ARM*#0" && jtag_cable_name =~ "Digilent Zybo 210279A42E55A"} -index 0
rst -processor
targets -set -nocase -filter {name =~ "ARM*#0" && jtag_cable_name =~ "Digilent Zybo 210279A42E55A"} -index 0
dow /home/ayman/Vivado_Projects/D2DDR/D2DDR.sdk/DMA_Transfer/Debug/DMA_Transfer.elf
configparams force-mem-access 0
----------------End of Script----------------

08:10:27 INFO  : Memory regions updated for context APU
08:10:28 INFO  : Context for processor 'ps7_cortexa9_0' is selected.
08:10:28 INFO  : 'con' command is executed.
08:10:28 INFO  : ----------------XSDB Script (After Launch)----------------
targets -set -nocase -filter {name =~ "ARM*#0" && jtag_cable_name =~ "Digilent Zybo 210279A42E55A"} -index 0
con
----------------End of Script----------------

08:10:28 INFO  : Launch script is exported to file '/home/ayman/Vivado_Projects/D2DDR/D2DDR.sdk/.sdk/launch_scripts/xilinx_c-c++_application_(system_debugger)/system_debugger_using_debug_dma_transfer.elf_on_local.tcl'
08:11:01 INFO  : Disconnected from the channel tcfchan#1.
08:11:02 INFO  : 'targets -set -filter {jtag_cable_name =~ "Digilent Zybo 210279A42E55A" && level==0} -index 1' command is executed.
08:11:02 INFO  : 'fpga -state' command is executed.
08:11:02 INFO  : Connected to target on host '127.0.0.1' and port '3121'.
08:11:02 INFO  : Jtag cable 'Digilent Zybo 210279A42E55A' is selected.
08:11:02 INFO  : 'jtag frequency' command is executed.
08:11:02 INFO  : Sourcing of '/home/ayman/Vivado_Projects/D2DDR/D2DDR.sdk/design_1_wrapper_hw_platform_0/ps7_init.tcl' is done.
08:11:02 INFO  : Context for 'APU' is selected.
08:11:03 INFO  : Hardware design information is loaded from '/home/ayman/Vivado_Projects/D2DDR/D2DDR.sdk/design_1_wrapper_hw_platform_0/system.hdf'.
08:11:03 INFO  : 'configparams force-mem-access 1' command is executed.
08:11:03 INFO  : Context for 'APU' is selected.
08:11:03 INFO  : 'stop' command is executed.
08:11:04 INFO  : 'ps7_init' command is executed.
08:11:04 INFO  : 'ps7_post_config' command is executed.
08:11:04 INFO  : Context for processor 'ps7_cortexa9_0' is selected.
08:11:04 INFO  : Processor reset is completed for 'ps7_cortexa9_0'.
08:11:04 INFO  : Context for processor 'ps7_cortexa9_0' is selected.
08:11:04 INFO  : The application '/home/ayman/Vivado_Projects/D2DDR/D2DDR.sdk/DMA_Transfer/Debug/DMA_Transfer.elf' is downloaded to processor 'ps7_cortexa9_0'.
08:11:04 INFO  : 'configparams force-mem-access 0' command is executed.
08:11:04 INFO  : ----------------XSDB Script----------------
connect -url tcp:127.0.0.1:3121
source /home/ayman/Vivado_Projects/D2DDR/D2DDR.sdk/design_1_wrapper_hw_platform_0/ps7_init.tcl
targets -set -nocase -filter {name =~"APU*" && jtag_cable_name =~ "Digilent Zybo 210279A42E55A"} -index 0
loadhw -hw /home/ayman/Vivado_Projects/D2DDR/D2DDR.sdk/design_1_wrapper_hw_platform_0/system.hdf -mem-ranges [list {0x40000000 0xbfffffff}]
configparams force-mem-access 1
targets -set -nocase -filter {name =~"APU*" && jtag_cable_name =~ "Digilent Zybo 210279A42E55A"} -index 0
stop
ps7_init
ps7_post_config
targets -set -nocase -filter {name =~ "ARM*#0" && jtag_cable_name =~ "Digilent Zybo 210279A42E55A"} -index 0
rst -processor
targets -set -nocase -filter {name =~ "ARM*#0" && jtag_cable_name =~ "Digilent Zybo 210279A42E55A"} -index 0
dow /home/ayman/Vivado_Projects/D2DDR/D2DDR.sdk/DMA_Transfer/Debug/DMA_Transfer.elf
configparams force-mem-access 0
----------------End of Script----------------

08:11:04 INFO  : Memory regions updated for context APU
08:11:04 INFO  : Context for processor 'ps7_cortexa9_0' is selected.
08:11:04 INFO  : 'con' command is executed.
08:11:04 INFO  : ----------------XSDB Script (After Launch)----------------
targets -set -nocase -filter {name =~ "ARM*#0" && jtag_cable_name =~ "Digilent Zybo 210279A42E55A"} -index 0
con
----------------End of Script----------------

08:11:04 INFO  : Launch script is exported to file '/home/ayman/Vivado_Projects/D2DDR/D2DDR.sdk/.sdk/launch_scripts/xilinx_c-c++_application_(system_debugger)/system_debugger_using_debug_dma_transfer.elf_on_local.tcl'
08:11:43 INFO  : Disconnected from the channel tcfchan#2.
08:11:44 INFO  : 'targets -set -filter {jtag_cable_name =~ "Digilent Zybo 210279A42E55A" && level==0} -index 1' command is executed.
08:11:44 INFO  : 'fpga -state' command is executed.
08:11:44 INFO  : Connected to target on host '127.0.0.1' and port '3121'.
08:11:44 INFO  : Jtag cable 'Digilent Zybo 210279A42E55A' is selected.
08:11:44 INFO  : 'jtag frequency' command is executed.
08:11:44 INFO  : Sourcing of '/home/ayman/Vivado_Projects/D2DDR/D2DDR.sdk/design_1_wrapper_hw_platform_0/ps7_init.tcl' is done.
08:11:44 INFO  : Context for 'APU' is selected.
08:11:46 INFO  : Hardware design information is loaded from '/home/ayman/Vivado_Projects/D2DDR/D2DDR.sdk/design_1_wrapper_hw_platform_0/system.hdf'.
08:11:46 INFO  : 'configparams force-mem-access 1' command is executed.
08:11:46 INFO  : Context for 'APU' is selected.
08:11:46 INFO  : 'stop' command is executed.
08:11:46 INFO  : 'ps7_init' command is executed.
08:11:46 INFO  : 'ps7_post_config' command is executed.
08:11:46 INFO  : Context for processor 'ps7_cortexa9_0' is selected.
08:11:46 INFO  : Processor reset is completed for 'ps7_cortexa9_0'.
08:11:46 INFO  : Context for processor 'ps7_cortexa9_0' is selected.
08:11:46 INFO  : The application '/home/ayman/Vivado_Projects/D2DDR/D2DDR.sdk/DMA_Transfer/Debug/DMA_Transfer.elf' is downloaded to processor 'ps7_cortexa9_0'.
08:11:46 INFO  : 'configparams force-mem-access 0' command is executed.
08:11:46 INFO  : ----------------XSDB Script----------------
connect -url tcp:127.0.0.1:3121
source /home/ayman/Vivado_Projects/D2DDR/D2DDR.sdk/design_1_wrapper_hw_platform_0/ps7_init.tcl
targets -set -nocase -filter {name =~"APU*" && jtag_cable_name =~ "Digilent Zybo 210279A42E55A"} -index 0
loadhw -hw /home/ayman/Vivado_Projects/D2DDR/D2DDR.sdk/design_1_wrapper_hw_platform_0/system.hdf -mem-ranges [list {0x40000000 0xbfffffff}]
configparams force-mem-access 1
targets -set -nocase -filter {name =~"APU*" && jtag_cable_name =~ "Digilent Zybo 210279A42E55A"} -index 0
stop
ps7_init
ps7_post_config
targets -set -nocase -filter {name =~ "ARM*#0" && jtag_cable_name =~ "Digilent Zybo 210279A42E55A"} -index 0
rst -processor
targets -set -nocase -filter {name =~ "ARM*#0" && jtag_cable_name =~ "Digilent Zybo 210279A42E55A"} -index 0
dow /home/ayman/Vivado_Projects/D2DDR/D2DDR.sdk/DMA_Transfer/Debug/DMA_Transfer.elf
configparams force-mem-access 0
----------------End of Script----------------

08:11:46 INFO  : Memory regions updated for context APU
08:11:46 INFO  : Context for processor 'ps7_cortexa9_0' is selected.
08:11:46 INFO  : 'con' command is executed.
08:11:46 INFO  : ----------------XSDB Script (After Launch)----------------
targets -set -nocase -filter {name =~ "ARM*#0" && jtag_cable_name =~ "Digilent Zybo 210279A42E55A"} -index 0
con
----------------End of Script----------------

08:11:46 INFO  : Launch script is exported to file '/home/ayman/Vivado_Projects/D2DDR/D2DDR.sdk/.sdk/launch_scripts/xilinx_c-c++_application_(system_debugger)/system_debugger_using_debug_dma_transfer.elf_on_local.tcl'
08:13:39 INFO  : Disconnected from the channel tcfchan#3.
08:13:40 INFO  : 'targets -set -filter {jtag_cable_name =~ "Digilent Zybo 210279A42E55A" && level==0} -index 1' command is executed.
08:13:40 INFO  : 'fpga -state' command is executed.
08:13:40 INFO  : Connected to target on host '127.0.0.1' and port '3121'.
08:13:41 INFO  : Jtag cable 'Digilent Zybo 210279A42E55A' is selected.
08:13:41 INFO  : 'jtag frequency' command is executed.
08:13:41 INFO  : Sourcing of '/home/ayman/Vivado_Projects/D2DDR/D2DDR.sdk/design_1_wrapper_hw_platform_0/ps7_init.tcl' is done.
08:13:41 INFO  : Context for 'APU' is selected.
08:13:42 INFO  : Hardware design information is loaded from '/home/ayman/Vivado_Projects/D2DDR/D2DDR.sdk/design_1_wrapper_hw_platform_0/system.hdf'.
08:13:42 INFO  : 'configparams force-mem-access 1' command is executed.
08:13:42 INFO  : Context for 'APU' is selected.
08:13:42 INFO  : 'stop' command is executed.
08:13:42 INFO  : 'ps7_init' command is executed.
08:13:42 INFO  : 'ps7_post_config' command is executed.
08:13:42 INFO  : Context for processor 'ps7_cortexa9_0' is selected.
08:13:42 INFO  : Processor reset is completed for 'ps7_cortexa9_0'.
08:13:42 INFO  : Context for processor 'ps7_cortexa9_0' is selected.
08:13:42 INFO  : The application '/home/ayman/Vivado_Projects/D2DDR/D2DDR.sdk/DMA_Transfer/Debug/DMA_Transfer.elf' is downloaded to processor 'ps7_cortexa9_0'.
08:13:42 INFO  : 'configparams force-mem-access 0' command is executed.
08:13:42 INFO  : ----------------XSDB Script----------------
connect -url tcp:127.0.0.1:3121
source /home/ayman/Vivado_Projects/D2DDR/D2DDR.sdk/design_1_wrapper_hw_platform_0/ps7_init.tcl
targets -set -nocase -filter {name =~"APU*" && jtag_cable_name =~ "Digilent Zybo 210279A42E55A"} -index 0
loadhw -hw /home/ayman/Vivado_Projects/D2DDR/D2DDR.sdk/design_1_wrapper_hw_platform_0/system.hdf -mem-ranges [list {0x40000000 0xbfffffff}]
configparams force-mem-access 1
targets -set -nocase -filter {name =~"APU*" && jtag_cable_name =~ "Digilent Zybo 210279A42E55A"} -index 0
stop
ps7_init
ps7_post_config
targets -set -nocase -filter {name =~ "ARM*#0" && jtag_cable_name =~ "Digilent Zybo 210279A42E55A"} -index 0
rst -processor
targets -set -nocase -filter {name =~ "ARM*#0" && jtag_cable_name =~ "Digilent Zybo 210279A42E55A"} -index 0
dow /home/ayman/Vivado_Projects/D2DDR/D2DDR.sdk/DMA_Transfer/Debug/DMA_Transfer.elf
configparams force-mem-access 0
----------------End of Script----------------

08:13:42 INFO  : Memory regions updated for context APU
08:13:43 INFO  : Context for processor 'ps7_cortexa9_0' is selected.
08:13:43 INFO  : 'con' command is executed.
08:13:43 INFO  : ----------------XSDB Script (After Launch)----------------
targets -set -nocase -filter {name =~ "ARM*#0" && jtag_cable_name =~ "Digilent Zybo 210279A42E55A"} -index 0
con
----------------End of Script----------------

08:13:43 INFO  : Launch script is exported to file '/home/ayman/Vivado_Projects/D2DDR/D2DDR.sdk/.sdk/launch_scripts/xilinx_c-c++_application_(system_debugger)/system_debugger_using_debug_dma_transfer.elf_on_local.tcl'
08:57:35 INFO  : Disconnected from the channel tcfchan#4.
08:57:36 INFO  : 'targets -set -filter {jtag_cable_name =~ "Digilent Zybo 210279A42E55A" && level==0} -index 1' command is executed.
08:57:36 INFO  : 'fpga -state' command is executed.
08:57:36 INFO  : Connected to target on host '127.0.0.1' and port '3121'.
08:57:37 INFO  : Jtag cable 'Digilent Zybo 210279A42E55A' is selected.
08:57:37 INFO  : 'jtag frequency' command is executed.
08:57:37 INFO  : Sourcing of '/home/ayman/Vivado_Projects/D2DDR/D2DDR.sdk/design_1_wrapper_hw_platform_0/ps7_init.tcl' is done.
08:57:37 INFO  : Context for 'APU' is selected.
08:57:38 INFO  : Hardware design information is loaded from '/home/ayman/Vivado_Projects/D2DDR/D2DDR.sdk/design_1_wrapper_hw_platform_0/system.hdf'.
08:57:38 INFO  : 'configparams force-mem-access 1' command is executed.
08:57:38 INFO  : Context for 'APU' is selected.
08:57:38 INFO  : 'stop' command is executed.
08:57:38 INFO  : 'ps7_init' command is executed.
08:57:38 INFO  : 'ps7_post_config' command is executed.
08:57:38 INFO  : Context for processor 'ps7_cortexa9_0' is selected.
08:57:38 INFO  : Processor reset is completed for 'ps7_cortexa9_0'.
08:57:38 INFO  : Context for processor 'ps7_cortexa9_0' is selected.
08:57:38 INFO  : The application '/home/ayman/Vivado_Projects/D2DDR/D2DDR.sdk/DMA_Transfer/Debug/DMA_Transfer.elf' is downloaded to processor 'ps7_cortexa9_0'.
08:57:38 INFO  : 'configparams force-mem-access 0' command is executed.
08:57:38 INFO  : ----------------XSDB Script----------------
connect -url tcp:127.0.0.1:3121
source /home/ayman/Vivado_Projects/D2DDR/D2DDR.sdk/design_1_wrapper_hw_platform_0/ps7_init.tcl
targets -set -nocase -filter {name =~"APU*" && jtag_cable_name =~ "Digilent Zybo 210279A42E55A"} -index 0
loadhw -hw /home/ayman/Vivado_Projects/D2DDR/D2DDR.sdk/design_1_wrapper_hw_platform_0/system.hdf -mem-ranges [list {0x40000000 0xbfffffff}]
configparams force-mem-access 1
targets -set -nocase -filter {name =~"APU*" && jtag_cable_name =~ "Digilent Zybo 210279A42E55A"} -index 0
stop
ps7_init
ps7_post_config
targets -set -nocase -filter {name =~ "ARM*#0" && jtag_cable_name =~ "Digilent Zybo 210279A42E55A"} -index 0
rst -processor
targets -set -nocase -filter {name =~ "ARM*#0" && jtag_cable_name =~ "Digilent Zybo 210279A42E55A"} -index 0
dow /home/ayman/Vivado_Projects/D2DDR/D2DDR.sdk/DMA_Transfer/Debug/DMA_Transfer.elf
configparams force-mem-access 0
----------------End of Script----------------

08:57:38 INFO  : Memory regions updated for context APU
08:57:39 INFO  : Context for processor 'ps7_cortexa9_0' is selected.
08:57:39 INFO  : 'con' command is executed.
08:57:39 INFO  : ----------------XSDB Script (After Launch)----------------
targets -set -nocase -filter {name =~ "ARM*#0" && jtag_cable_name =~ "Digilent Zybo 210279A42E55A"} -index 0
con
----------------End of Script----------------

08:57:39 INFO  : Launch script is exported to file '/home/ayman/Vivado_Projects/D2DDR/D2DDR.sdk/.sdk/launch_scripts/xilinx_c-c++_application_(system_debugger)/system_debugger_using_debug_dma_transfer.elf_on_local.tcl'
08:57:59 INFO  : Disconnected from the channel tcfchan#5.
08:58:00 INFO  : 'targets -set -filter {jtag_cable_name =~ "Digilent Zybo 210279A42E55A" && level==0} -index 1' command is executed.
08:58:00 INFO  : 'fpga -state' command is executed.
08:58:00 INFO  : Connected to target on host '127.0.0.1' and port '3121'.
08:58:00 INFO  : Jtag cable 'Digilent Zybo 210279A42E55A' is selected.
08:58:00 INFO  : 'jtag frequency' command is executed.
08:58:00 INFO  : Sourcing of '/home/ayman/Vivado_Projects/D2DDR/D2DDR.sdk/design_1_wrapper_hw_platform_0/ps7_init.tcl' is done.
08:58:00 INFO  : Context for 'APU' is selected.
08:58:01 INFO  : Hardware design information is loaded from '/home/ayman/Vivado_Projects/D2DDR/D2DDR.sdk/design_1_wrapper_hw_platform_0/system.hdf'.
08:58:01 INFO  : 'configparams force-mem-access 1' command is executed.
08:58:01 INFO  : Context for 'APU' is selected.
08:58:01 INFO  : 'stop' command is executed.
08:58:02 INFO  : 'ps7_init' command is executed.
08:58:02 INFO  : 'ps7_post_config' command is executed.
08:58:02 INFO  : Context for processor 'ps7_cortexa9_0' is selected.
08:58:02 INFO  : Processor reset is completed for 'ps7_cortexa9_0'.
08:58:02 INFO  : Context for processor 'ps7_cortexa9_0' is selected.
08:58:02 INFO  : The application '/home/ayman/Vivado_Projects/D2DDR/D2DDR.sdk/DMA_Transfer/Debug/DMA_Transfer.elf' is downloaded to processor 'ps7_cortexa9_0'.
08:58:02 INFO  : 'configparams force-mem-access 0' command is executed.
08:58:02 INFO  : ----------------XSDB Script----------------
connect -url tcp:127.0.0.1:3121
source /home/ayman/Vivado_Projects/D2DDR/D2DDR.sdk/design_1_wrapper_hw_platform_0/ps7_init.tcl
targets -set -nocase -filter {name =~"APU*" && jtag_cable_name =~ "Digilent Zybo 210279A42E55A"} -index 0
loadhw -hw /home/ayman/Vivado_Projects/D2DDR/D2DDR.sdk/design_1_wrapper_hw_platform_0/system.hdf -mem-ranges [list {0x40000000 0xbfffffff}]
configparams force-mem-access 1
targets -set -nocase -filter {name =~"APU*" && jtag_cable_name =~ "Digilent Zybo 210279A42E55A"} -index 0
stop
ps7_init
ps7_post_config
targets -set -nocase -filter {name =~ "ARM*#0" && jtag_cable_name =~ "Digilent Zybo 210279A42E55A"} -index 0
rst -processor
targets -set -nocase -filter {name =~ "ARM*#0" && jtag_cable_name =~ "Digilent Zybo 210279A42E55A"} -index 0
dow /home/ayman/Vivado_Projects/D2DDR/D2DDR.sdk/DMA_Transfer/Debug/DMA_Transfer.elf
configparams force-mem-access 0
----------------End of Script----------------

08:58:02 INFO  : Memory regions updated for context APU
08:58:02 INFO  : Context for processor 'ps7_cortexa9_0' is selected.
08:58:02 INFO  : 'con' command is executed.
08:58:02 INFO  : ----------------XSDB Script (After Launch)----------------
targets -set -nocase -filter {name =~ "ARM*#0" && jtag_cable_name =~ "Digilent Zybo 210279A42E55A"} -index 0
con
----------------End of Script----------------

08:58:02 INFO  : Launch script is exported to file '/home/ayman/Vivado_Projects/D2DDR/D2DDR.sdk/.sdk/launch_scripts/xilinx_c-c++_application_(system_debugger)/system_debugger_using_debug_dma_transfer.elf_on_local.tcl'
08:58:43 INFO  : Disconnected from the channel tcfchan#6.
08:58:48 INFO  : Connected to target on host '127.0.0.1' and port '3121'.
08:58:48 INFO  : 'targets -set -filter {jtag_cable_name =~ "Digilent Zybo 210279A42E55A" && level==0} -index 1' command is executed.
08:58:50 INFO  : FPGA configured successfully with bitstream "/home/ayman/Vivado_Projects/D2DDR/D2DDR.sdk/design_1_wrapper_hw_platform_0/design_1_wrapper.bit"
08:58:56 INFO  : 'targets -set -filter {jtag_cable_name =~ "Digilent Zybo 210279A42E55A" && level==0} -index 1' command is executed.
08:58:56 INFO  : 'fpga -state' command is executed.
08:58:56 INFO  : Connected to target on host '127.0.0.1' and port '3121'.
08:58:56 INFO  : Jtag cable 'Digilent Zybo 210279A42E55A' is selected.
08:58:56 INFO  : 'jtag frequency' command is executed.
08:58:56 INFO  : Sourcing of '/home/ayman/Vivado_Projects/D2DDR/D2DDR.sdk/design_1_wrapper_hw_platform_0/ps7_init.tcl' is done.
08:58:56 INFO  : Context for 'APU' is selected.
08:58:56 INFO  : Hardware design information is loaded from '/home/ayman/Vivado_Projects/D2DDR/D2DDR.sdk/design_1_wrapper_hw_platform_0/system.hdf'.
08:58:56 INFO  : 'configparams force-mem-access 1' command is executed.
08:58:56 INFO  : Context for 'APU' is selected.
08:58:56 INFO  : 'stop' command is executed.
08:58:56 INFO  : 'ps7_init' command is executed.
08:58:56 INFO  : 'ps7_post_config' command is executed.
08:58:56 INFO  : Context for processor 'ps7_cortexa9_0' is selected.
08:58:56 INFO  : Processor reset is completed for 'ps7_cortexa9_0'.
08:58:56 INFO  : Context for processor 'ps7_cortexa9_0' is selected.
08:58:56 INFO  : The application '/home/ayman/Vivado_Projects/D2DDR/D2DDR.sdk/DMA_Transfer/Debug/DMA_Transfer.elf' is downloaded to processor 'ps7_cortexa9_0'.
08:58:56 INFO  : 'configparams force-mem-access 0' command is executed.
08:58:56 INFO  : ----------------XSDB Script----------------
connect -url tcp:127.0.0.1:3121
source /home/ayman/Vivado_Projects/D2DDR/D2DDR.sdk/design_1_wrapper_hw_platform_0/ps7_init.tcl
targets -set -nocase -filter {name =~"APU*" && jtag_cable_name =~ "Digilent Zybo 210279A42E55A"} -index 0
loadhw -hw /home/ayman/Vivado_Projects/D2DDR/D2DDR.sdk/design_1_wrapper_hw_platform_0/system.hdf -mem-ranges [list {0x40000000 0xbfffffff}]
configparams force-mem-access 1
targets -set -nocase -filter {name =~"APU*" && jtag_cable_name =~ "Digilent Zybo 210279A42E55A"} -index 0
stop
ps7_init
ps7_post_config
targets -set -nocase -filter {name =~ "ARM*#0" && jtag_cable_name =~ "Digilent Zybo 210279A42E55A"} -index 0
rst -processor
targets -set -nocase -filter {name =~ "ARM*#0" && jtag_cable_name =~ "Digilent Zybo 210279A42E55A"} -index 0
dow /home/ayman/Vivado_Projects/D2DDR/D2DDR.sdk/DMA_Transfer/Debug/DMA_Transfer.elf
configparams force-mem-access 0
----------------End of Script----------------

08:58:57 INFO  : Memory regions updated for context APU
08:58:57 INFO  : Context for processor 'ps7_cortexa9_0' is selected.
08:58:57 INFO  : 'con' command is executed.
08:58:57 INFO  : ----------------XSDB Script (After Launch)----------------
targets -set -nocase -filter {name =~ "ARM*#0" && jtag_cable_name =~ "Digilent Zybo 210279A42E55A"} -index 0
con
----------------End of Script----------------

08:58:57 INFO  : Launch script is exported to file '/home/ayman/Vivado_Projects/D2DDR/D2DDR.sdk/.sdk/launch_scripts/xilinx_c-c++_application_(system_debugger)/system_debugger_using_debug_dma_transfer.elf_on_local.tcl'
08:59:12 INFO  : Disconnected from the channel tcfchan#7.
08:59:13 INFO  : 'targets -set -filter {jtag_cable_name =~ "Digilent Zybo 210279A42E55A" && level==0} -index 1' command is executed.
08:59:13 INFO  : 'fpga -state' command is executed.
08:59:13 INFO  : Connected to target on host '127.0.0.1' and port '3121'.
08:59:13 INFO  : Jtag cable 'Digilent Zybo 210279A42E55A' is selected.
08:59:13 INFO  : 'jtag frequency' command is executed.
08:59:13 INFO  : Sourcing of '/home/ayman/Vivado_Projects/D2DDR/D2DDR.sdk/design_1_wrapper_hw_platform_0/ps7_init.tcl' is done.
08:59:13 INFO  : Context for 'APU' is selected.
08:59:14 INFO  : Hardware design information is loaded from '/home/ayman/Vivado_Projects/D2DDR/D2DDR.sdk/design_1_wrapper_hw_platform_0/system.hdf'.
08:59:14 INFO  : 'configparams force-mem-access 1' command is executed.
08:59:14 INFO  : Context for 'APU' is selected.
08:59:14 INFO  : 'stop' command is executed.
08:59:15 INFO  : 'ps7_init' command is executed.
08:59:15 INFO  : 'ps7_post_config' command is executed.
08:59:15 INFO  : Context for processor 'ps7_cortexa9_0' is selected.
08:59:15 INFO  : Processor reset is completed for 'ps7_cortexa9_0'.
08:59:15 INFO  : Context for processor 'ps7_cortexa9_0' is selected.
08:59:15 INFO  : The application '/home/ayman/Vivado_Projects/D2DDR/D2DDR.sdk/DMA_Transfer/Debug/DMA_Transfer.elf' is downloaded to processor 'ps7_cortexa9_0'.
08:59:15 INFO  : 'configparams force-mem-access 0' command is executed.
08:59:15 INFO  : ----------------XSDB Script----------------
connect -url tcp:127.0.0.1:3121
source /home/ayman/Vivado_Projects/D2DDR/D2DDR.sdk/design_1_wrapper_hw_platform_0/ps7_init.tcl
targets -set -nocase -filter {name =~"APU*" && jtag_cable_name =~ "Digilent Zybo 210279A42E55A"} -index 0
loadhw -hw /home/ayman/Vivado_Projects/D2DDR/D2DDR.sdk/design_1_wrapper_hw_platform_0/system.hdf -mem-ranges [list {0x40000000 0xbfffffff}]
configparams force-mem-access 1
targets -set -nocase -filter {name =~"APU*" && jtag_cable_name =~ "Digilent Zybo 210279A42E55A"} -index 0
stop
ps7_init
ps7_post_config
targets -set -nocase -filter {name =~ "ARM*#0" && jtag_cable_name =~ "Digilent Zybo 210279A42E55A"} -index 0
rst -processor
targets -set -nocase -filter {name =~ "ARM*#0" && jtag_cable_name =~ "Digilent Zybo 210279A42E55A"} -index 0
dow /home/ayman/Vivado_Projects/D2DDR/D2DDR.sdk/DMA_Transfer/Debug/DMA_Transfer.elf
configparams force-mem-access 0
----------------End of Script----------------

08:59:15 INFO  : Memory regions updated for context APU
08:59:15 INFO  : Context for processor 'ps7_cortexa9_0' is selected.
08:59:15 INFO  : 'con' command is executed.
08:59:15 INFO  : ----------------XSDB Script (After Launch)----------------
targets -set -nocase -filter {name =~ "ARM*#0" && jtag_cable_name =~ "Digilent Zybo 210279A42E55A"} -index 0
con
----------------End of Script----------------

08:59:15 INFO  : Launch script is exported to file '/home/ayman/Vivado_Projects/D2DDR/D2DDR.sdk/.sdk/launch_scripts/xilinx_c-c++_application_(system_debugger)/system_debugger_using_debug_dma_transfer.elf_on_local.tcl'
08:59:30 INFO  : Disconnected from the channel tcfchan#8.
08:59:31 INFO  : 'targets -set -filter {jtag_cable_name =~ "Digilent Zybo 210279A42E55A" && level==0} -index 1' command is executed.
08:59:31 INFO  : 'fpga -state' command is executed.
08:59:31 INFO  : Connected to target on host '127.0.0.1' and port '3121'.
08:59:31 INFO  : Jtag cable 'Digilent Zybo 210279A42E55A' is selected.
08:59:31 INFO  : 'jtag frequency' command is executed.
08:59:31 INFO  : Sourcing of '/home/ayman/Vivado_Projects/D2DDR/D2DDR.sdk/design_1_wrapper_hw_platform_0/ps7_init.tcl' is done.
08:59:31 INFO  : Context for 'APU' is selected.
08:59:32 INFO  : Hardware design information is loaded from '/home/ayman/Vivado_Projects/D2DDR/D2DDR.sdk/design_1_wrapper_hw_platform_0/system.hdf'.
08:59:32 INFO  : 'configparams force-mem-access 1' command is executed.
08:59:32 INFO  : Context for 'APU' is selected.
08:59:32 INFO  : 'stop' command is executed.
08:59:33 INFO  : 'ps7_init' command is executed.
08:59:33 INFO  : 'ps7_post_config' command is executed.
08:59:33 INFO  : Context for processor 'ps7_cortexa9_0' is selected.
08:59:33 INFO  : Processor reset is completed for 'ps7_cortexa9_0'.
08:59:33 INFO  : Context for processor 'ps7_cortexa9_0' is selected.
08:59:33 INFO  : The application '/home/ayman/Vivado_Projects/D2DDR/D2DDR.sdk/DMA_Transfer/Debug/DMA_Transfer.elf' is downloaded to processor 'ps7_cortexa9_0'.
08:59:33 INFO  : 'configparams force-mem-access 0' command is executed.
08:59:33 INFO  : ----------------XSDB Script----------------
connect -url tcp:127.0.0.1:3121
source /home/ayman/Vivado_Projects/D2DDR/D2DDR.sdk/design_1_wrapper_hw_platform_0/ps7_init.tcl
targets -set -nocase -filter {name =~"APU*" && jtag_cable_name =~ "Digilent Zybo 210279A42E55A"} -index 0
loadhw -hw /home/ayman/Vivado_Projects/D2DDR/D2DDR.sdk/design_1_wrapper_hw_platform_0/system.hdf -mem-ranges [list {0x40000000 0xbfffffff}]
configparams force-mem-access 1
targets -set -nocase -filter {name =~"APU*" && jtag_cable_name =~ "Digilent Zybo 210279A42E55A"} -index 0
stop
ps7_init
ps7_post_config
targets -set -nocase -filter {name =~ "ARM*#0" && jtag_cable_name =~ "Digilent Zybo 210279A42E55A"} -index 0
rst -processor
targets -set -nocase -filter {name =~ "ARM*#0" && jtag_cable_name =~ "Digilent Zybo 210279A42E55A"} -index 0
dow /home/ayman/Vivado_Projects/D2DDR/D2DDR.sdk/DMA_Transfer/Debug/DMA_Transfer.elf
configparams force-mem-access 0
----------------End of Script----------------

08:59:33 INFO  : Memory regions updated for context APU
08:59:33 INFO  : Context for processor 'ps7_cortexa9_0' is selected.
08:59:33 INFO  : 'con' command is executed.
08:59:33 INFO  : ----------------XSDB Script (After Launch)----------------
targets -set -nocase -filter {name =~ "ARM*#0" && jtag_cable_name =~ "Digilent Zybo 210279A42E55A"} -index 0
con
----------------End of Script----------------

08:59:33 INFO  : Launch script is exported to file '/home/ayman/Vivado_Projects/D2DDR/D2DDR.sdk/.sdk/launch_scripts/xilinx_c-c++_application_(system_debugger)/system_debugger_using_debug_dma_transfer.elf_on_local.tcl'
08:59:50 INFO  : Disconnected from the channel tcfchan#9.
08:59:51 INFO  : 'targets -set -filter {jtag_cable_name =~ "Digilent Zybo 210279A42E55A" && level==0} -index 1' command is executed.
08:59:52 INFO  : 'fpga -state' command is executed.
08:59:52 INFO  : Connected to target on host '127.0.0.1' and port '3121'.
08:59:52 INFO  : Jtag cable 'Digilent Zybo 210279A42E55A' is selected.
08:59:52 INFO  : 'jtag frequency' command is executed.
08:59:52 INFO  : Sourcing of '/home/ayman/Vivado_Projects/D2DDR/D2DDR.sdk/design_1_wrapper_hw_platform_0/ps7_init.tcl' is done.
08:59:52 INFO  : Context for 'APU' is selected.
08:59:53 INFO  : Hardware design information is loaded from '/home/ayman/Vivado_Projects/D2DDR/D2DDR.sdk/design_1_wrapper_hw_platform_0/system.hdf'.
08:59:53 INFO  : 'configparams force-mem-access 1' command is executed.
08:59:53 INFO  : Context for 'APU' is selected.
08:59:53 INFO  : 'stop' command is executed.
08:59:54 INFO  : 'ps7_init' command is executed.
08:59:54 INFO  : 'ps7_post_config' command is executed.
08:59:54 INFO  : Context for processor 'ps7_cortexa9_0' is selected.
08:59:54 INFO  : Processor reset is completed for 'ps7_cortexa9_0'.
08:59:54 INFO  : Context for processor 'ps7_cortexa9_0' is selected.
08:59:54 INFO  : The application '/home/ayman/Vivado_Projects/D2DDR/D2DDR.sdk/DMA_Transfer/Debug/DMA_Transfer.elf' is downloaded to processor 'ps7_cortexa9_0'.
08:59:54 INFO  : 'configparams force-mem-access 0' command is executed.
08:59:54 INFO  : ----------------XSDB Script----------------
connect -url tcp:127.0.0.1:3121
source /home/ayman/Vivado_Projects/D2DDR/D2DDR.sdk/design_1_wrapper_hw_platform_0/ps7_init.tcl
targets -set -nocase -filter {name =~"APU*" && jtag_cable_name =~ "Digilent Zybo 210279A42E55A"} -index 0
loadhw -hw /home/ayman/Vivado_Projects/D2DDR/D2DDR.sdk/design_1_wrapper_hw_platform_0/system.hdf -mem-ranges [list {0x40000000 0xbfffffff}]
configparams force-mem-access 1
targets -set -nocase -filter {name =~"APU*" && jtag_cable_name =~ "Digilent Zybo 210279A42E55A"} -index 0
stop
ps7_init
ps7_post_config
targets -set -nocase -filter {name =~ "ARM*#0" && jtag_cable_name =~ "Digilent Zybo 210279A42E55A"} -index 0
rst -processor
targets -set -nocase -filter {name =~ "ARM*#0" && jtag_cable_name =~ "Digilent Zybo 210279A42E55A"} -index 0
dow /home/ayman/Vivado_Projects/D2DDR/D2DDR.sdk/DMA_Transfer/Debug/DMA_Transfer.elf
configparams force-mem-access 0
----------------End of Script----------------

08:59:54 INFO  : Memory regions updated for context APU
08:59:54 INFO  : Context for processor 'ps7_cortexa9_0' is selected.
08:59:54 INFO  : 'con' command is executed.
08:59:54 INFO  : ----------------XSDB Script (After Launch)----------------
targets -set -nocase -filter {name =~ "ARM*#0" && jtag_cable_name =~ "Digilent Zybo 210279A42E55A"} -index 0
con
----------------End of Script----------------

08:59:54 INFO  : Launch script is exported to file '/home/ayman/Vivado_Projects/D2DDR/D2DDR.sdk/.sdk/launch_scripts/xilinx_c-c++_application_(system_debugger)/system_debugger_using_debug_dma_transfer.elf_on_local.tcl'
09:00:00 INFO  : Disconnected from the channel tcfchan#10.
09:00:01 INFO  : 'targets -set -filter {jtag_cable_name =~ "Digilent Zybo 210279A42E55A" && level==0} -index 1' command is executed.
09:00:01 INFO  : 'fpga -state' command is executed.
09:00:01 INFO  : Connected to target on host '127.0.0.1' and port '3121'.
09:00:01 INFO  : Jtag cable 'Digilent Zybo 210279A42E55A' is selected.
09:00:01 INFO  : 'jtag frequency' command is executed.
09:00:01 INFO  : Sourcing of '/home/ayman/Vivado_Projects/D2DDR/D2DDR.sdk/design_1_wrapper_hw_platform_0/ps7_init.tcl' is done.
09:00:01 INFO  : Context for 'APU' is selected.
09:00:02 INFO  : Hardware design information is loaded from '/home/ayman/Vivado_Projects/D2DDR/D2DDR.sdk/design_1_wrapper_hw_platform_0/system.hdf'.
09:00:02 INFO  : 'configparams force-mem-access 1' command is executed.
09:00:02 INFO  : Context for 'APU' is selected.
09:00:02 INFO  : 'stop' command is executed.
09:00:03 INFO  : 'ps7_init' command is executed.
09:00:03 INFO  : 'ps7_post_config' command is executed.
09:00:03 INFO  : Context for processor 'ps7_cortexa9_0' is selected.
09:00:03 INFO  : Processor reset is completed for 'ps7_cortexa9_0'.
09:00:03 INFO  : Context for processor 'ps7_cortexa9_0' is selected.
09:00:03 INFO  : The application '/home/ayman/Vivado_Projects/D2DDR/D2DDR.sdk/DMA_Transfer/Debug/DMA_Transfer.elf' is downloaded to processor 'ps7_cortexa9_0'.
09:00:03 INFO  : 'configparams force-mem-access 0' command is executed.
09:00:03 INFO  : ----------------XSDB Script----------------
connect -url tcp:127.0.0.1:3121
source /home/ayman/Vivado_Projects/D2DDR/D2DDR.sdk/design_1_wrapper_hw_platform_0/ps7_init.tcl
targets -set -nocase -filter {name =~"APU*" && jtag_cable_name =~ "Digilent Zybo 210279A42E55A"} -index 0
loadhw -hw /home/ayman/Vivado_Projects/D2DDR/D2DDR.sdk/design_1_wrapper_hw_platform_0/system.hdf -mem-ranges [list {0x40000000 0xbfffffff}]
configparams force-mem-access 1
targets -set -nocase -filter {name =~"APU*" && jtag_cable_name =~ "Digilent Zybo 210279A42E55A"} -index 0
stop
ps7_init
ps7_post_config
targets -set -nocase -filter {name =~ "ARM*#0" && jtag_cable_name =~ "Digilent Zybo 210279A42E55A"} -index 0
rst -processor
targets -set -nocase -filter {name =~ "ARM*#0" && jtag_cable_name =~ "Digilent Zybo 210279A42E55A"} -index 0
dow /home/ayman/Vivado_Projects/D2DDR/D2DDR.sdk/DMA_Transfer/Debug/DMA_Transfer.elf
configparams force-mem-access 0
----------------End of Script----------------

09:00:03 INFO  : Memory regions updated for context APU
09:00:03 INFO  : Context for processor 'ps7_cortexa9_0' is selected.
09:00:03 INFO  : 'con' command is executed.
09:00:03 INFO  : ----------------XSDB Script (After Launch)----------------
targets -set -nocase -filter {name =~ "ARM*#0" && jtag_cable_name =~ "Digilent Zybo 210279A42E55A"} -index 0
con
----------------End of Script----------------

09:00:03 INFO  : Launch script is exported to file '/home/ayman/Vivado_Projects/D2DDR/D2DDR.sdk/.sdk/launch_scripts/xilinx_c-c++_application_(system_debugger)/system_debugger_using_debug_dma_transfer.elf_on_local.tcl'
09:04:39 INFO  : Disconnected from the channel tcfchan#11.
09:04:40 INFO  : 'targets -set -filter {jtag_cable_name =~ "Digilent Zybo 210279A42E55A" && level==0} -index 1' command is executed.
09:04:40 INFO  : 'fpga -state' command is executed.
09:04:40 INFO  : Connected to target on host '127.0.0.1' and port '3121'.
09:04:41 INFO  : Jtag cable 'Digilent Zybo 210279A42E55A' is selected.
09:04:41 INFO  : 'jtag frequency' command is executed.
09:04:41 INFO  : Sourcing of '/home/ayman/Vivado_Projects/D2DDR/D2DDR.sdk/design_1_wrapper_hw_platform_0/ps7_init.tcl' is done.
09:04:41 INFO  : Context for 'APU' is selected.
09:04:42 INFO  : Hardware design information is loaded from '/home/ayman/Vivado_Projects/D2DDR/D2DDR.sdk/design_1_wrapper_hw_platform_0/system.hdf'.
09:04:42 INFO  : 'configparams force-mem-access 1' command is executed.
09:04:42 INFO  : Context for 'APU' is selected.
09:04:42 INFO  : 'stop' command is executed.
09:04:42 INFO  : 'ps7_init' command is executed.
09:04:42 INFO  : 'ps7_post_config' command is executed.
09:04:42 INFO  : Context for processor 'ps7_cortexa9_0' is selected.
09:04:42 INFO  : Processor reset is completed for 'ps7_cortexa9_0'.
09:04:42 INFO  : Context for processor 'ps7_cortexa9_0' is selected.
09:04:42 INFO  : The application '/home/ayman/Vivado_Projects/D2DDR/D2DDR.sdk/DMA_Transfer/Debug/DMA_Transfer.elf' is downloaded to processor 'ps7_cortexa9_0'.
09:04:42 INFO  : 'configparams force-mem-access 0' command is executed.
09:04:42 INFO  : ----------------XSDB Script----------------
connect -url tcp:127.0.0.1:3121
source /home/ayman/Vivado_Projects/D2DDR/D2DDR.sdk/design_1_wrapper_hw_platform_0/ps7_init.tcl
targets -set -nocase -filter {name =~"APU*" && jtag_cable_name =~ "Digilent Zybo 210279A42E55A"} -index 0
loadhw -hw /home/ayman/Vivado_Projects/D2DDR/D2DDR.sdk/design_1_wrapper_hw_platform_0/system.hdf -mem-ranges [list {0x40000000 0xbfffffff}]
configparams force-mem-access 1
targets -set -nocase -filter {name =~"APU*" && jtag_cable_name =~ "Digilent Zybo 210279A42E55A"} -index 0
stop
ps7_init
ps7_post_config
targets -set -nocase -filter {name =~ "ARM*#0" && jtag_cable_name =~ "Digilent Zybo 210279A42E55A"} -index 0
rst -processor
targets -set -nocase -filter {name =~ "ARM*#0" && jtag_cable_name =~ "Digilent Zybo 210279A42E55A"} -index 0
dow /home/ayman/Vivado_Projects/D2DDR/D2DDR.sdk/DMA_Transfer/Debug/DMA_Transfer.elf
configparams force-mem-access 0
----------------End of Script----------------

09:04:42 INFO  : Memory regions updated for context APU
09:04:42 INFO  : Context for processor 'ps7_cortexa9_0' is selected.
09:04:42 INFO  : 'con' command is executed.
09:04:42 INFO  : ----------------XSDB Script (After Launch)----------------
targets -set -nocase -filter {name =~ "ARM*#0" && jtag_cable_name =~ "Digilent Zybo 210279A42E55A"} -index 0
con
----------------End of Script----------------

09:04:42 INFO  : Launch script is exported to file '/home/ayman/Vivado_Projects/D2DDR/D2DDR.sdk/.sdk/launch_scripts/xilinx_c-c++_application_(system_debugger)/system_debugger_using_debug_dma_transfer.elf_on_local.tcl'
09:05:06 INFO  : Disconnected from the channel tcfchan#12.
09:05:07 INFO  : 'targets -set -filter {jtag_cable_name =~ "Digilent Zybo 210279A42E55A" && level==0} -index 1' command is executed.
09:05:07 INFO  : 'fpga -state' command is executed.
09:05:07 INFO  : Connected to target on host '127.0.0.1' and port '3121'.
09:05:08 INFO  : Jtag cable 'Digilent Zybo 210279A42E55A' is selected.
09:05:08 INFO  : 'jtag frequency' command is executed.
09:05:08 INFO  : Sourcing of '/home/ayman/Vivado_Projects/D2DDR/D2DDR.sdk/design_1_wrapper_hw_platform_0/ps7_init.tcl' is done.
09:05:08 INFO  : Context for 'APU' is selected.
09:05:09 INFO  : Hardware design information is loaded from '/home/ayman/Vivado_Projects/D2DDR/D2DDR.sdk/design_1_wrapper_hw_platform_0/system.hdf'.
09:05:09 INFO  : 'configparams force-mem-access 1' command is executed.
09:05:09 INFO  : Context for 'APU' is selected.
09:05:09 INFO  : 'stop' command is executed.
09:05:09 INFO  : 'ps7_init' command is executed.
09:05:09 INFO  : 'ps7_post_config' command is executed.
09:05:09 INFO  : Context for processor 'ps7_cortexa9_0' is selected.
09:05:09 INFO  : Processor reset is completed for 'ps7_cortexa9_0'.
09:05:09 INFO  : Context for processor 'ps7_cortexa9_0' is selected.
09:05:09 INFO  : The application '/home/ayman/Vivado_Projects/D2DDR/D2DDR.sdk/DMA_Transfer/Debug/DMA_Transfer.elf' is downloaded to processor 'ps7_cortexa9_0'.
09:05:09 INFO  : 'configparams force-mem-access 0' command is executed.
09:05:09 INFO  : ----------------XSDB Script----------------
connect -url tcp:127.0.0.1:3121
source /home/ayman/Vivado_Projects/D2DDR/D2DDR.sdk/design_1_wrapper_hw_platform_0/ps7_init.tcl
targets -set -nocase -filter {name =~"APU*" && jtag_cable_name =~ "Digilent Zybo 210279A42E55A"} -index 0
loadhw -hw /home/ayman/Vivado_Projects/D2DDR/D2DDR.sdk/design_1_wrapper_hw_platform_0/system.hdf -mem-ranges [list {0x40000000 0xbfffffff}]
configparams force-mem-access 1
targets -set -nocase -filter {name =~"APU*" && jtag_cable_name =~ "Digilent Zybo 210279A42E55A"} -index 0
stop
ps7_init
ps7_post_config
targets -set -nocase -filter {name =~ "ARM*#0" && jtag_cable_name =~ "Digilent Zybo 210279A42E55A"} -index 0
rst -processor
targets -set -nocase -filter {name =~ "ARM*#0" && jtag_cable_name =~ "Digilent Zybo 210279A42E55A"} -index 0
dow /home/ayman/Vivado_Projects/D2DDR/D2DDR.sdk/DMA_Transfer/Debug/DMA_Transfer.elf
configparams force-mem-access 0
----------------End of Script----------------

09:05:09 INFO  : Memory regions updated for context APU
09:05:09 INFO  : Context for processor 'ps7_cortexa9_0' is selected.
09:05:09 INFO  : 'con' command is executed.
09:05:09 INFO  : ----------------XSDB Script (After Launch)----------------
targets -set -nocase -filter {name =~ "ARM*#0" && jtag_cable_name =~ "Digilent Zybo 210279A42E55A"} -index 0
con
----------------End of Script----------------

09:05:09 INFO  : Launch script is exported to file '/home/ayman/Vivado_Projects/D2DDR/D2DDR.sdk/.sdk/launch_scripts/xilinx_c-c++_application_(system_debugger)/system_debugger_using_debug_dma_transfer.elf_on_local.tcl'
09:05:22 INFO  : Disconnected from the channel tcfchan#13.
09:05:23 INFO  : 'targets -set -filter {jtag_cable_name =~ "Digilent Zybo 210279A42E55A" && level==0} -index 1' command is executed.
09:05:23 INFO  : 'fpga -state' command is executed.
09:05:23 INFO  : Connected to target on host '127.0.0.1' and port '3121'.
09:05:23 INFO  : Jtag cable 'Digilent Zybo 210279A42E55A' is selected.
09:05:23 INFO  : 'jtag frequency' command is executed.
09:05:23 INFO  : Sourcing of '/home/ayman/Vivado_Projects/D2DDR/D2DDR.sdk/design_1_wrapper_hw_platform_0/ps7_init.tcl' is done.
09:05:23 INFO  : Context for 'APU' is selected.
09:05:24 INFO  : Hardware design information is loaded from '/home/ayman/Vivado_Projects/D2DDR/D2DDR.sdk/design_1_wrapper_hw_platform_0/system.hdf'.
09:05:24 INFO  : 'configparams force-mem-access 1' command is executed.
09:05:24 INFO  : Context for 'APU' is selected.
09:05:24 INFO  : 'stop' command is executed.
09:05:25 INFO  : 'ps7_init' command is executed.
09:05:25 INFO  : 'ps7_post_config' command is executed.
09:05:25 INFO  : Context for processor 'ps7_cortexa9_0' is selected.
09:05:25 INFO  : Processor reset is completed for 'ps7_cortexa9_0'.
09:05:25 INFO  : Context for processor 'ps7_cortexa9_0' is selected.
09:05:25 INFO  : The application '/home/ayman/Vivado_Projects/D2DDR/D2DDR.sdk/DMA_Transfer/Debug/DMA_Transfer.elf' is downloaded to processor 'ps7_cortexa9_0'.
09:05:25 INFO  : 'configparams force-mem-access 0' command is executed.
09:05:25 INFO  : ----------------XSDB Script----------------
connect -url tcp:127.0.0.1:3121
source /home/ayman/Vivado_Projects/D2DDR/D2DDR.sdk/design_1_wrapper_hw_platform_0/ps7_init.tcl
targets -set -nocase -filter {name =~"APU*" && jtag_cable_name =~ "Digilent Zybo 210279A42E55A"} -index 0
loadhw -hw /home/ayman/Vivado_Projects/D2DDR/D2DDR.sdk/design_1_wrapper_hw_platform_0/system.hdf -mem-ranges [list {0x40000000 0xbfffffff}]
configparams force-mem-access 1
targets -set -nocase -filter {name =~"APU*" && jtag_cable_name =~ "Digilent Zybo 210279A42E55A"} -index 0
stop
ps7_init
ps7_post_config
targets -set -nocase -filter {name =~ "ARM*#0" && jtag_cable_name =~ "Digilent Zybo 210279A42E55A"} -index 0
rst -processor
targets -set -nocase -filter {name =~ "ARM*#0" && jtag_cable_name =~ "Digilent Zybo 210279A42E55A"} -index 0
dow /home/ayman/Vivado_Projects/D2DDR/D2DDR.sdk/DMA_Transfer/Debug/DMA_Transfer.elf
configparams force-mem-access 0
----------------End of Script----------------

09:05:25 INFO  : Memory regions updated for context APU
09:05:25 INFO  : Context for processor 'ps7_cortexa9_0' is selected.
09:05:25 INFO  : 'con' command is executed.
09:05:25 INFO  : ----------------XSDB Script (After Launch)----------------
targets -set -nocase -filter {name =~ "ARM*#0" && jtag_cable_name =~ "Digilent Zybo 210279A42E55A"} -index 0
con
----------------End of Script----------------

09:05:25 INFO  : Launch script is exported to file '/home/ayman/Vivado_Projects/D2DDR/D2DDR.sdk/.sdk/launch_scripts/xilinx_c-c++_application_(system_debugger)/system_debugger_using_debug_dma_transfer.elf_on_local.tcl'
09:05:39 INFO  : Disconnected from the channel tcfchan#14.
09:05:40 INFO  : 'targets -set -filter {jtag_cable_name =~ "Digilent Zybo 210279A42E55A" && level==0} -index 1' command is executed.
09:05:40 INFO  : 'fpga -state' command is executed.
09:05:40 INFO  : Connected to target on host '127.0.0.1' and port '3121'.
09:05:40 INFO  : Jtag cable 'Digilent Zybo 210279A42E55A' is selected.
09:05:40 INFO  : 'jtag frequency' command is executed.
09:05:40 INFO  : Sourcing of '/home/ayman/Vivado_Projects/D2DDR/D2DDR.sdk/design_1_wrapper_hw_platform_0/ps7_init.tcl' is done.
09:05:41 INFO  : Context for 'APU' is selected.
09:05:42 INFO  : Hardware design information is loaded from '/home/ayman/Vivado_Projects/D2DDR/D2DDR.sdk/design_1_wrapper_hw_platform_0/system.hdf'.
09:05:42 INFO  : 'configparams force-mem-access 1' command is executed.
09:05:42 INFO  : Context for 'APU' is selected.
09:05:42 INFO  : 'stop' command is executed.
09:05:42 INFO  : 'ps7_init' command is executed.
09:05:42 INFO  : 'ps7_post_config' command is executed.
09:05:42 INFO  : Context for processor 'ps7_cortexa9_0' is selected.
09:05:42 INFO  : Processor reset is completed for 'ps7_cortexa9_0'.
09:05:42 INFO  : Context for processor 'ps7_cortexa9_0' is selected.
09:05:42 INFO  : The application '/home/ayman/Vivado_Projects/D2DDR/D2DDR.sdk/DMA_Transfer/Debug/DMA_Transfer.elf' is downloaded to processor 'ps7_cortexa9_0'.
09:05:42 INFO  : 'configparams force-mem-access 0' command is executed.
09:05:42 INFO  : ----------------XSDB Script----------------
connect -url tcp:127.0.0.1:3121
source /home/ayman/Vivado_Projects/D2DDR/D2DDR.sdk/design_1_wrapper_hw_platform_0/ps7_init.tcl
targets -set -nocase -filter {name =~"APU*" && jtag_cable_name =~ "Digilent Zybo 210279A42E55A"} -index 0
loadhw -hw /home/ayman/Vivado_Projects/D2DDR/D2DDR.sdk/design_1_wrapper_hw_platform_0/system.hdf -mem-ranges [list {0x40000000 0xbfffffff}]
configparams force-mem-access 1
targets -set -nocase -filter {name =~"APU*" && jtag_cable_name =~ "Digilent Zybo 210279A42E55A"} -index 0
stop
ps7_init
ps7_post_config
targets -set -nocase -filter {name =~ "ARM*#0" && jtag_cable_name =~ "Digilent Zybo 210279A42E55A"} -index 0
rst -processor
targets -set -nocase -filter {name =~ "ARM*#0" && jtag_cable_name =~ "Digilent Zybo 210279A42E55A"} -index 0
dow /home/ayman/Vivado_Projects/D2DDR/D2DDR.sdk/DMA_Transfer/Debug/DMA_Transfer.elf
configparams force-mem-access 0
----------------End of Script----------------

09:05:42 INFO  : Memory regions updated for context APU
09:05:43 INFO  : Context for processor 'ps7_cortexa9_0' is selected.
09:05:43 INFO  : 'con' command is executed.
09:05:43 INFO  : ----------------XSDB Script (After Launch)----------------
targets -set -nocase -filter {name =~ "ARM*#0" && jtag_cable_name =~ "Digilent Zybo 210279A42E55A"} -index 0
con
----------------End of Script----------------

09:05:43 INFO  : Launch script is exported to file '/home/ayman/Vivado_Projects/D2DDR/D2DDR.sdk/.sdk/launch_scripts/xilinx_c-c++_application_(system_debugger)/system_debugger_using_debug_dma_transfer.elf_on_local.tcl'
09:07:15 INFO  : Disconnected from the channel tcfchan#15.
09:07:21 INFO  : Connected to target on host '127.0.0.1' and port '3121'.
09:07:21 INFO  : 'targets -set -filter {jtag_cable_name =~ "Digilent Zybo 210279A42E55A" && level==0} -index 1' command is executed.
09:07:25 INFO  : FPGA configured successfully with bitstream "/home/ayman/Vivado_Projects/D2DDR/D2DDR.sdk/design_1_wrapper_hw_platform_0/design_1_wrapper.bit"
09:07:35 INFO  : 'targets -set -filter {jtag_cable_name =~ "Digilent Zybo 210279A42E55A" && level==0} -index 1' command is executed.
09:07:35 INFO  : 'fpga -state' command is executed.
09:07:35 INFO  : Connected to target on host '127.0.0.1' and port '3121'.
09:07:36 INFO  : Jtag cable 'Digilent Zybo 210279A42E55A' is selected.
09:07:36 INFO  : 'jtag frequency' command is executed.
09:07:36 INFO  : Sourcing of '/home/ayman/Vivado_Projects/D2DDR/D2DDR.sdk/design_1_wrapper_hw_platform_0/ps7_init.tcl' is done.
09:07:36 INFO  : Context for 'APU' is selected.
09:07:36 INFO  : Hardware design information is loaded from '/home/ayman/Vivado_Projects/D2DDR/D2DDR.sdk/design_1_wrapper_hw_platform_0/system.hdf'.
09:07:36 INFO  : 'configparams force-mem-access 1' command is executed.
09:07:36 INFO  : Context for 'APU' is selected.
09:07:36 INFO  : 'stop' command is executed.
09:07:36 INFO  : 'ps7_init' command is executed.
09:07:36 INFO  : 'ps7_post_config' command is executed.
09:07:36 INFO  : Context for processor 'ps7_cortexa9_0' is selected.
09:07:36 INFO  : Processor reset is completed for 'ps7_cortexa9_0'.
09:07:36 INFO  : Context for processor 'ps7_cortexa9_0' is selected.
09:07:36 INFO  : The application '/home/ayman/Vivado_Projects/D2DDR/D2DDR.sdk/DMA_Transfer/Debug/DMA_Transfer.elf' is downloaded to processor 'ps7_cortexa9_0'.
09:07:36 INFO  : 'configparams force-mem-access 0' command is executed.
09:07:36 INFO  : ----------------XSDB Script----------------
connect -url tcp:127.0.0.1:3121
source /home/ayman/Vivado_Projects/D2DDR/D2DDR.sdk/design_1_wrapper_hw_platform_0/ps7_init.tcl
targets -set -nocase -filter {name =~"APU*" && jtag_cable_name =~ "Digilent Zybo 210279A42E55A"} -index 0
loadhw -hw /home/ayman/Vivado_Projects/D2DDR/D2DDR.sdk/design_1_wrapper_hw_platform_0/system.hdf -mem-ranges [list {0x40000000 0xbfffffff}]
configparams force-mem-access 1
targets -set -nocase -filter {name =~"APU*" && jtag_cable_name =~ "Digilent Zybo 210279A42E55A"} -index 0
stop
ps7_init
ps7_post_config
targets -set -nocase -filter {name =~ "ARM*#0" && jtag_cable_name =~ "Digilent Zybo 210279A42E55A"} -index 0
rst -processor
targets -set -nocase -filter {name =~ "ARM*#0" && jtag_cable_name =~ "Digilent Zybo 210279A42E55A"} -index 0
dow /home/ayman/Vivado_Projects/D2DDR/D2DDR.sdk/DMA_Transfer/Debug/DMA_Transfer.elf
configparams force-mem-access 0
----------------End of Script----------------

09:07:36 INFO  : Memory regions updated for context APU
09:07:36 INFO  : Context for processor 'ps7_cortexa9_0' is selected.
09:07:36 INFO  : 'con' command is executed.
09:07:36 INFO  : ----------------XSDB Script (After Launch)----------------
targets -set -nocase -filter {name =~ "ARM*#0" && jtag_cable_name =~ "Digilent Zybo 210279A42E55A"} -index 0
con
----------------End of Script----------------

09:07:36 INFO  : Launch script is exported to file '/home/ayman/Vivado_Projects/D2DDR/D2DDR.sdk/.sdk/launch_scripts/xilinx_c-c++_application_(system_debugger)/system_debugger_using_debug_dma_transfer.elf_on_local.tcl'
09:07:45 INFO  : Disconnected from the channel tcfchan#16.
09:07:47 INFO  : 'targets -set -filter {jtag_cable_name =~ "Digilent Zybo 210279A42E55A" && level==0} -index 1' command is executed.
09:07:47 INFO  : 'fpga -state' command is executed.
09:07:47 INFO  : Connected to target on host '127.0.0.1' and port '3121'.
09:07:47 INFO  : Jtag cable 'Digilent Zybo 210279A42E55A' is selected.
09:07:47 INFO  : 'jtag frequency' command is executed.
09:07:47 INFO  : Sourcing of '/home/ayman/Vivado_Projects/D2DDR/D2DDR.sdk/design_1_wrapper_hw_platform_0/ps7_init.tcl' is done.
09:07:47 INFO  : Context for 'APU' is selected.
09:07:48 INFO  : Hardware design information is loaded from '/home/ayman/Vivado_Projects/D2DDR/D2DDR.sdk/design_1_wrapper_hw_platform_0/system.hdf'.
09:07:48 INFO  : 'configparams force-mem-access 1' command is executed.
09:07:48 INFO  : Context for 'APU' is selected.
09:07:48 INFO  : 'stop' command is executed.
09:07:49 INFO  : 'ps7_init' command is executed.
09:07:49 INFO  : 'ps7_post_config' command is executed.
09:07:49 INFO  : Context for processor 'ps7_cortexa9_0' is selected.
09:07:49 INFO  : Processor reset is completed for 'ps7_cortexa9_0'.
09:07:49 INFO  : Context for processor 'ps7_cortexa9_0' is selected.
09:07:49 INFO  : The application '/home/ayman/Vivado_Projects/D2DDR/D2DDR.sdk/DMA_Transfer/Debug/DMA_Transfer.elf' is downloaded to processor 'ps7_cortexa9_0'.
09:07:49 INFO  : 'configparams force-mem-access 0' command is executed.
09:07:49 INFO  : ----------------XSDB Script----------------
connect -url tcp:127.0.0.1:3121
source /home/ayman/Vivado_Projects/D2DDR/D2DDR.sdk/design_1_wrapper_hw_platform_0/ps7_init.tcl
targets -set -nocase -filter {name =~"APU*" && jtag_cable_name =~ "Digilent Zybo 210279A42E55A"} -index 0
loadhw -hw /home/ayman/Vivado_Projects/D2DDR/D2DDR.sdk/design_1_wrapper_hw_platform_0/system.hdf -mem-ranges [list {0x40000000 0xbfffffff}]
configparams force-mem-access 1
targets -set -nocase -filter {name =~"APU*" && jtag_cable_name =~ "Digilent Zybo 210279A42E55A"} -index 0
stop
ps7_init
ps7_post_config
targets -set -nocase -filter {name =~ "ARM*#0" && jtag_cable_name =~ "Digilent Zybo 210279A42E55A"} -index 0
rst -processor
targets -set -nocase -filter {name =~ "ARM*#0" && jtag_cable_name =~ "Digilent Zybo 210279A42E55A"} -index 0
dow /home/ayman/Vivado_Projects/D2DDR/D2DDR.sdk/DMA_Transfer/Debug/DMA_Transfer.elf
configparams force-mem-access 0
----------------End of Script----------------

09:07:49 INFO  : Memory regions updated for context APU
09:07:49 INFO  : Context for processor 'ps7_cortexa9_0' is selected.
09:07:49 INFO  : 'con' command is executed.
09:07:49 INFO  : ----------------XSDB Script (After Launch)----------------
targets -set -nocase -filter {name =~ "ARM*#0" && jtag_cable_name =~ "Digilent Zybo 210279A42E55A"} -index 0
con
----------------End of Script----------------

09:07:49 INFO  : Launch script is exported to file '/home/ayman/Vivado_Projects/D2DDR/D2DDR.sdk/.sdk/launch_scripts/xilinx_c-c++_application_(system_debugger)/system_debugger_using_debug_dma_transfer.elf_on_local.tcl'
09:08:03 INFO  : Disconnected from the channel tcfchan#17.
